<?xml version="1.0" encoding="UTF-8"?>
<testng-results ignored="0" total="1" passed="1" failed="0" skipped="0">
  <reporter-output>
  </reporter-output>
  <suite started-at="2022-03-09T05:49:20Z" name="stepDefinitions" finished-at="2022-03-09T05:50:40Z" duration-ms="79980">
    <groups>
      <group name="cucumber">
        <method signature="AbstractTestNGCucumberTests.runScenario(io.cucumber.testng.PickleWrapper, io.cucumber.testng.FeatureWrapper)[pri:0, instance:stepDefinitions.TestRunner@41fe9859]" name="runScenario" class="io.cucumber.testng.AbstractTestNGCucumberTests"/>
      </group> <!-- cucumber -->
    </groups>
    <test started-at="2022-03-09T05:49:20Z" name="Test" finished-at="2022-03-09T05:50:40Z" duration-ms="79980">
      <class name="stepDefinitions.TestRunner">
        <test-method is-config="true" signature="setUpClass(org.testng.ITestContext)[pri:0, instance:stepDefinitions.TestRunner@41fe9859]" started-at="2022-03-09T05:49:20Z" name="setUpClass" finished-at="2022-03-09T05:49:21Z" duration-ms="371" status="PASS">
          <params>
            <param index="0">
              <value>
                <![CDATA[org.testng.TestRunner@1eeb5818]]>
              </value>
            </param>
          </params>
          <reporter-output>
          </reporter-output>
        </test-method> <!-- setUpClass -->
        <test-method is-config="true" signature="setUpCucumber()[pri:0, instance:stepDefinitions.TestRunner@41fe9859]" started-at="2022-03-09T05:49:21Z" name="setUpCucumber" finished-at="2022-03-09T05:49:21Z" duration-ms="20" status="PASS">
          <reporter-output>
          </reporter-output>
        </test-method> <!-- setUpCucumber -->
        <test-method signature="runScenario(io.cucumber.testng.PickleWrapper, io.cucumber.testng.FeatureWrapper)[pri:0, instance:stepDefinitions.TestRunner@41fe9859]" started-at="2022-03-09T05:49:21Z" name="runScenario" description="Runs Cucumber Scenarios" data-provider="scenarios" finished-at="2022-03-09T05:50:38Z" duration-ms="77481" status="PASS">
          <params>
            <param index="0">
              <value>
                <![CDATA["TC_04_Check contract functionality"]]>
              </value>
            </param>
            <param index="1">
              <value>
                <![CDATA["Optional[Feature to test Edit Application field1]"]]>
              </value>
            </param>
          </params>
          <reporter-output>
          </reporter-output>
        </test-method> <!-- runScenario -->
        <test-method is-config="true" signature="tearDownClass()[pri:0, instance:stepDefinitions.TestRunner@41fe9859]" started-at="2022-03-09T05:50:38Z" name="tearDownClass" finished-at="2022-03-09T05:50:40Z" duration-ms="2048" status="PASS">
          <reporter-output>
          </reporter-output>
        </test-method> <!-- tearDownClass -->
      </class> <!-- stepDefinitions.TestRunner -->
    </test> <!-- Test -->
  </suite> <!-- stepDefinitions -->
</testng-results>
